A D/IMAP-Cyrus////
A D/SIEVE////
A D/SIEVE-Cyrus////
A D/amssync////
A D/cmulocal-old////
A D/com_err////
A D/contrib////
A D/cyradm////
A D/depot////
A D/doc////
A D/et////
A D/imap////
A D/imtest////
A D/installsieve////
A D/lib////
A D/makedepend////
A D/man////
A D/master////
A D/netnews////
A D/notifyd////
A D/perl////
A D/ptclient////
A D/pwcheck////
A D/snmp////
A D/syslog////
A D/timsieved////
A D/tools////
A D/cmulocal////
A D/sieve////
A D/acap////
R D/acap////
R D/pwcheck////
R D/et////
R D/cyradm////
R D/cmulocal-old////
R D/amssync////
R D/SIEVE-Cyrus////
R D/SIEVE////
R D/IMAP-Cyrus////
